<?xml version="1.0" encoding="UTF-8"?>
<!-- Generated by org.testng.reporters.JUnitReportReporter -->
<testsuite hostname="DESKTOP-2SPK7TN" failures="0" tests="5" name="com.herokupp.theinternet.Revise" time="39.189" errors="0" timestamp="2022-08-29T08:18:32 IST" skipped="3">
  <testcase classname="com.herokupp.theinternet.Revise" name="wikiPedia" time="13.056"/>
  <system-out/>
  <testcase classname="com.herokupp.theinternet.Revise" name="popUpTest" time="26.133"/>
  <system-out/>
  <testcase classname="com.herokupp.theinternet.Revise" name="dropDown">
    <skipped/>
  </testcase> <!-- dropDown -->
  <system-out/>
  <testcase classname="com.herokupp.theinternet.Revise" name="checkBox">
    <skipped/>
  </testcase> <!-- checkBox -->
  <system-out/>
  <testcase classname="com.herokupp.theinternet.Revise" name="uploadTest">
    <skipped/>
  </testcase> <!-- uploadTest -->
  <system-out/>
</testsuite> <!-- com.herokupp.theinternet.Revise -->
