<?xml version="1.0" encoding="UTF-8"?>
<!-- Generated by org.testng.reporters.JUnitReportReporter -->
<testsuite hostname="DESKTOP-2SPK7TN" failures="0" tests="5" name="com.herokupp.theinternet.Revise" time="29.428" errors="0" timestamp="2022-07-11T10:35:55 IST" skipped="3">
  <testcase classname="com.herokupp.theinternet.Revise" name="popUpTest" time="22.095"/>
  <system-out/>
  <testcase classname="com.herokupp.theinternet.Revise" name="wikiPedia" time="7.333"/>
  <system-out/>
  <testcase classname="com.herokupp.theinternet.Revise" name="uploadTest">
    <skipped/>
  </testcase> <!-- uploadTest -->
  <system-out/>
  <testcase classname="com.herokupp.theinternet.Revise" name="dropDown">
    <skipped/>
  </testcase> <!-- dropDown -->
  <system-out/>
  <testcase classname="com.herokupp.theinternet.Revise" name="checkBox">
    <skipped/>
  </testcase> <!-- checkBox -->
  <system-out/>
</testsuite> <!-- com.herokupp.theinternet.Revise -->
